<?xml version="1.0" encoding="UTF-8"?>
<!-- Generated by org.testng.reporters.JUnitXMLReporter -->
<testsuite hostname="DESKTOP-UE7RBIH" failures="0" tests="3" name="Default test" time="77.589" errors="0" timestamp="3 Nov 2022 12:22:57 GMT">
  <testcase classname="runner.test_runner3" name="runScenario" time="25.836"/>
  <testcase classname="runner.test_runner3" name="runScenario" time="24.232"/>
  <testcase classname="runner.test_runner3" name="runScenario" time="26.78"/>
</testsuite> <!-- Default test -->
